INFO 2024-11-21 11:48:47,264 consumers 1 140385928022824 Player 23ceccfc-c335-49eb-8a3d-6f79a253181f disconnected with code 1001
DEBUG 2024-11-21 11:48:47,264 consumers 1 140385928022824 Removed player 23ceccfc-c335-49eb-8a3d-6f79a253181f from players list
INFO 2024-11-21 11:52:31,206 consumers 1 140705417702184 Player db671353-6159-4961-ae04-41612ef19be7 disconnected with code 1001
DEBUG 2024-11-21 11:52:31,206 consumers 1 140705417702184 Removed player db671353-6159-4961-ae04-41612ef19be7 from players list
DEBUG 2024-11-21 11:52:31,207 consumers 1 140705417702184 Removed player db671353-6159-4961-ae04-41612ef19be7 from game 9475cc81-8e94-44a0-8583-fff51a9de2e1
INFO 2024-11-21 11:52:31,207 consumers 1 140705417702184 Game 9475cc81-8e94-44a0-8583-fff51a9de2e1 is empty, cleaning up
INFO 2024-11-21 11:52:31,208 Game 1 140705417702184 Cleaning up game 9475cc81-8e94-44a0-8583-fff51a9de2e1
DEBUG 2024-11-21 11:52:31,208 Game 1 140705417702184 Game loop for game 9475cc81-8e94-44a0-8583-fff51a9de2e1 cancelled successfully
INFO 2024-11-21 11:52:31,209 Game 1 140705417702184 Game 9475cc81-8e94-44a0-8583-fff51a9de2e1 cleaned up successfully
INFO 2024-11-21 11:54:48,545 consumers 1 140114475199272 Player c964bb16-5520-448a-abfb-c6ee97397f11 disconnected with code 1001
DEBUG 2024-11-21 11:54:48,546 consumers 1 140114475199272 Removed player c964bb16-5520-448a-abfb-c6ee97397f11 from players list
DEBUG 2024-11-21 11:54:48,546 consumers 1 140114475199272 Removed player c964bb16-5520-448a-abfb-c6ee97397f11 from game 687cc4bb-dc62-4592-a7c4-f7b6c29f759c
INFO 2024-11-21 11:54:48,546 consumers 1 140114475199272 Game 687cc4bb-dc62-4592-a7c4-f7b6c29f759c is empty, cleaning up
INFO 2024-11-21 11:54:48,547 Game 1 140114475199272 Cleaning up game 687cc4bb-dc62-4592-a7c4-f7b6c29f759c
DEBUG 2024-11-21 11:54:48,547 Game 1 140114475199272 Game loop for game 687cc4bb-dc62-4592-a7c4-f7b6c29f759c cancelled successfully
INFO 2024-11-21 11:54:48,548 Game 1 140114475199272 Game 687cc4bb-dc62-4592-a7c4-f7b6c29f759c cleaned up successfully
INFO 2024-11-21 12:16:19,057 consumers 1 139825540393768 Player eb1fbf5c-2bbc-44ca-9c61-c40ceeb6b922 disconnected with code 1001
DEBUG 2024-11-21 12:16:19,057 consumers 1 139825540393768 Removed player eb1fbf5c-2bbc-44ca-9c61-c40ceeb6b922 from players list
DEBUG 2024-11-21 12:16:19,058 consumers 1 139825540393768 Removed player eb1fbf5c-2bbc-44ca-9c61-c40ceeb6b922 from game 333cc616-94d6-44b2-9be8-0184a1e4cb4b
DEBUG 2024-11-21 12:16:19,058 consumers 1 139825540393768 Broadcasting updated game info after player disconnect
INFO 2024-11-21 12:18:12,799 consumers 1 139825540393768 Player 15a15a75-84cb-4e34-9caf-0a3d8bb9ce1f disconnected with code 1001
DEBUG 2024-11-21 12:18:12,800 consumers 1 139825540393768 Removed player 15a15a75-84cb-4e34-9caf-0a3d8bb9ce1f from players list
DEBUG 2024-11-21 12:18:12,800 consumers 1 139825540393768 Removed player 15a15a75-84cb-4e34-9caf-0a3d8bb9ce1f from game 3c0d6668-f621-4e26-804c-40b7212e8ef6
DEBUG 2024-11-21 12:18:12,801 consumers 1 139825540393768 Broadcasting updated game info after player disconnect
INFO 2024-11-21 12:18:15,316 consumers 1 139825540393768 Player ab12d6a2-0025-4a78-8aed-6c8caa4c7e22 disconnected with code 1001
DEBUG 2024-11-21 12:18:15,317 consumers 1 139825540393768 Removed player ab12d6a2-0025-4a78-8aed-6c8caa4c7e22 from players list
INFO 2024-11-21 12:25:00,842 consumers 1 139825540393768 Player 699e5867-c08c-422b-8dc6-602c6209bb05 disconnected with code 1001
DEBUG 2024-11-21 12:25:00,843 consumers 1 139825540393768 Removed player 699e5867-c08c-422b-8dc6-602c6209bb05 from players list
INFO 2024-11-21 12:25:00,843 consumers 1 139825540393768 Player 9cb1e78b-c6a3-4a00-88b3-ad08bd40e75f disconnected with code 1001
DEBUG 2024-11-21 12:25:00,844 consumers 1 139825540393768 Removed player 9cb1e78b-c6a3-4a00-88b3-ad08bd40e75f from players list
DEBUG 2024-11-21 12:25:00,846 consumers 1 139825540393768 Removed player 9cb1e78b-c6a3-4a00-88b3-ad08bd40e75f from game d6b2da21-857f-4190-b8fa-42c9dee90881
INFO 2024-11-21 12:25:00,848 consumers 1 139825540393768 Game d6b2da21-857f-4190-b8fa-42c9dee90881 is empty, cleaning up
INFO 2024-11-21 12:25:00,849 Game 1 139825540393768 Cleaning up game d6b2da21-857f-4190-b8fa-42c9dee90881
INFO 2024-11-21 12:25:00,850 consumers 1 139825540393768 Player 4d29ac43-181c-4419-aa8a-e8d80783fb3f disconnected with code 1001
DEBUG 2024-11-21 12:25:00,850 consumers 1 139825540393768 Removed player 4d29ac43-181c-4419-aa8a-e8d80783fb3f from players list
DEBUG 2024-11-21 12:25:00,852 consumers 1 139825540393768 Removed player 4d29ac43-181c-4419-aa8a-e8d80783fb3f from game a007fa50-783b-461e-bafa-a9652b314316
INFO 2024-11-21 12:25:00,853 consumers 1 139825540393768 Game a007fa50-783b-461e-bafa-a9652b314316 is empty, cleaning up
INFO 2024-11-21 12:25:00,853 Game 1 139825540393768 Cleaning up game a007fa50-783b-461e-bafa-a9652b314316
DEBUG 2024-11-21 12:25:00,854 Game 1 139825540393768 Game loop for game d6b2da21-857f-4190-b8fa-42c9dee90881 cancelled successfully
INFO 2024-11-21 12:25:00,855 Game 1 139825540393768 Game d6b2da21-857f-4190-b8fa-42c9dee90881 cleaned up successfully
DEBUG 2024-11-21 12:25:00,856 Game 1 139825540393768 Game loop for game a007fa50-783b-461e-bafa-a9652b314316 cancelled successfully
INFO 2024-11-21 12:25:00,858 Game 1 139825540393768 Game a007fa50-783b-461e-bafa-a9652b314316 cleaned up successfully
INFO 2024-11-21 12:25:00,862 consumers 1 139825540393768 Player bbcc0a68-af79-470a-b303-c4cef93bf06e disconnected with code 1001
DEBUG 2024-11-21 12:25:00,863 consumers 1 139825540393768 Removed player bbcc0a68-af79-470a-b303-c4cef93bf06e from players list
DEBUG 2024-11-21 12:25:00,864 consumers 1 139825540393768 Removed player bbcc0a68-af79-470a-b303-c4cef93bf06e from game 3c0d6668-f621-4e26-804c-40b7212e8ef6
INFO 2024-11-21 12:25:00,864 consumers 1 139825540393768 Game 3c0d6668-f621-4e26-804c-40b7212e8ef6 is empty, cleaning up
INFO 2024-11-21 12:25:00,865 Game 1 139825540393768 Cleaning up game 3c0d6668-f621-4e26-804c-40b7212e8ef6
DEBUG 2024-11-21 12:25:00,866 Game 1 139825540393768 Game loop for game 3c0d6668-f621-4e26-804c-40b7212e8ef6 cancelled successfully
INFO 2024-11-21 12:25:00,867 Game 1 139825540393768 Game 3c0d6668-f621-4e26-804c-40b7212e8ef6 cleaned up successfully
INFO 2024-11-21 12:26:44,790 consumers 1 140531853519656 Player 4bc0961e-fbac-4af9-8508-0d41510905ce disconnected with code 1001
DEBUG 2024-11-21 12:26:44,791 consumers 1 140531853519656 Removed player 4bc0961e-fbac-4af9-8508-0d41510905ce from players list
DEBUG 2024-11-21 12:26:44,791 consumers 1 140531853519656 Removed player 4bc0961e-fbac-4af9-8508-0d41510905ce from game f7a4d89a-6fa9-4d89-affc-2a80d7047162
INFO 2024-11-21 12:26:44,791 consumers 1 140531853519656 Game f7a4d89a-6fa9-4d89-affc-2a80d7047162 is empty, cleaning up
INFO 2024-11-21 12:26:44,792 Game 1 140531853519656 Cleaning up game f7a4d89a-6fa9-4d89-affc-2a80d7047162
DEBUG 2024-11-21 12:26:44,792 Game 1 140531853519656 Game loop for game f7a4d89a-6fa9-4d89-affc-2a80d7047162 cancelled successfully
INFO 2024-11-21 12:26:44,793 Game 1 140531853519656 Game f7a4d89a-6fa9-4d89-affc-2a80d7047162 cleaned up successfully
INFO 2024-11-21 12:26:46,465 consumers 1 140531853519656 Player 17e9ba94-d779-4757-a28b-6281d915397d disconnected with code 1001
DEBUG 2024-11-21 12:26:46,465 consumers 1 140531853519656 Removed player 17e9ba94-d779-4757-a28b-6281d915397d from players list
INFO 2024-11-21 12:26:51,342 consumers 1 140531853519656 Player ee49b331-f3b8-4cb6-a742-00989dfae170 disconnected with code 1001
DEBUG 2024-11-21 12:26:51,343 consumers 1 140531853519656 Removed player ee49b331-f3b8-4cb6-a742-00989dfae170 from players list
INFO 2024-11-21 12:26:52,702 consumers 1 140531853519656 Player 795ea1a4-a464-4ac3-a135-142e14ea1dcb disconnected with code 1001
DEBUG 2024-11-21 12:26:52,702 consumers 1 140531853519656 Removed player 795ea1a4-a464-4ac3-a135-142e14ea1dcb from players list
INFO 2024-11-21 12:26:55,043 consumers 1 140531853519656 Player ebd93208-0f0c-4c0f-a02e-d092946a1316 disconnected with code 1001
DEBUG 2024-11-21 12:26:55,044 consumers 1 140531853519656 Removed player ebd93208-0f0c-4c0f-a02e-d092946a1316 from players list
INFO 2024-11-21 12:26:56,323 consumers 1 140531853519656 Player c9ef7f0e-a1cf-4f5e-9ec3-17c3cfc2bd3e disconnected with code 1001
DEBUG 2024-11-21 12:26:56,323 consumers 1 140531853519656 Removed player c9ef7f0e-a1cf-4f5e-9ec3-17c3cfc2bd3e from players list
INFO 2024-11-21 12:27:04,132 consumers 1 140531853519656 Player 2d31e2dd-6ae9-4925-b36b-41f9d381e8ea disconnected with code 1001
DEBUG 2024-11-21 12:27:04,133 consumers 1 140531853519656 Removed player 2d31e2dd-6ae9-4925-b36b-41f9d381e8ea from players list
INFO 2024-11-21 12:27:07,894 consumers 1 140531853519656 Player eb8d4bc2-f5da-4f93-84dc-60dfb510aba3 disconnected with code 1001
DEBUG 2024-11-21 12:27:07,894 consumers 1 140531853519656 Removed player eb8d4bc2-f5da-4f93-84dc-60dfb510aba3 from players list
INFO 2024-11-21 13:28:26,541 consumers 1 140452789275432 Player aab783b1-60f1-4fb9-899d-e9abb0717af1 disconnected with code 1001
DEBUG 2024-11-21 13:28:26,542 consumers 1 140452789275432 Removed player aab783b1-60f1-4fb9-899d-e9abb0717af1 from players list
INFO 2024-11-21 13:30:01,864 consumers 1 140452789275432 Player 3b8937de-a9c8-4efc-9d6d-6467b0aa08f8 disconnected with code 1001
DEBUG 2024-11-21 13:30:01,864 consumers 1 140452789275432 Removed player 3b8937de-a9c8-4efc-9d6d-6467b0aa08f8 from players list
INFO 2024-11-21 13:30:02,873 consumers 1 140452789275432 Player ef13d7e1-f084-42af-ad44-16b7be659e2d disconnected with code 1001
DEBUG 2024-11-21 13:30:02,873 consumers 1 140452789275432 Removed player ef13d7e1-f084-42af-ad44-16b7be659e2d from players list
DEBUG 2024-11-21 13:30:02,873 consumers 1 140452789275432 Removed player ef13d7e1-f084-42af-ad44-16b7be659e2d from game 2795d3ae-514b-4ed3-ba90-5637f75b706a
INFO 2024-11-21 13:30:02,874 consumers 1 140452789275432 Game 2795d3ae-514b-4ed3-ba90-5637f75b706a is empty, cleaning up
INFO 2024-11-21 13:30:02,874 Game 1 140452789275432 Cleaning up game 2795d3ae-514b-4ed3-ba90-5637f75b706a
DEBUG 2024-11-21 13:30:02,875 Game 1 140452789275432 Game loop for game 2795d3ae-514b-4ed3-ba90-5637f75b706a cancelled successfully
INFO 2024-11-21 13:30:02,875 Game 1 140452789275432 Game 2795d3ae-514b-4ed3-ba90-5637f75b706a cleaned up successfully
INFO 2024-11-21 13:32:52,590 consumers 1 140686821002024 Player 6d49e942-767c-4adc-b7f2-94d83bb72be0 disconnected with code 1001
DEBUG 2024-11-21 13:32:52,591 consumers 1 140686821002024 Removed player 6d49e942-767c-4adc-b7f2-94d83bb72be0 from players list
INFO 2024-11-21 13:52:00,478 consumers 1 140682157976360 Player 7561d1bb-aef1-4cac-a025-b3de41230e44 disconnected with code 1001
DEBUG 2024-11-21 13:52:00,479 consumers 1 140682157976360 Removed player 7561d1bb-aef1-4cac-a025-b3de41230e44 from players list
DEBUG 2024-11-21 13:52:00,479 consumers 1 140682157976360 Removed player 7561d1bb-aef1-4cac-a025-b3de41230e44 from game cf76eb7d-d289-4373-a271-395dfea12d28
INFO 2024-11-21 13:52:00,479 consumers 1 140682157976360 Game cf76eb7d-d289-4373-a271-395dfea12d28 is empty, cleaning up
INFO 2024-11-21 13:52:00,480 Game 1 140682157976360 Cleaning up game cf76eb7d-d289-4373-a271-395dfea12d28
DEBUG 2024-11-21 13:52:00,480 Game 1 140682157976360 Game loop for game cf76eb7d-d289-4373-a271-395dfea12d28 cancelled successfully
INFO 2024-11-21 13:52:00,482 Game 1 140682157976360 Game cf76eb7d-d289-4373-a271-395dfea12d28 cleaned up successfully
INFO 2024-11-21 13:52:01,555 consumers 1 140682157976360 Player fb23b64d-80a6-4686-9d9a-c82c526e3cba disconnected with code 1001
DEBUG 2024-11-21 13:52:01,556 consumers 1 140682157976360 Removed player fb23b64d-80a6-4686-9d9a-c82c526e3cba from players list
INFO 2024-11-21 13:52:02,679 consumers 1 140682157976360 Player 27418bf5-ebdc-40b9-a554-a9e1e862bef0 disconnected with code 1001
DEBUG 2024-11-21 13:52:02,679 consumers 1 140682157976360 Removed player 27418bf5-ebdc-40b9-a554-a9e1e862bef0 from players list
INFO 2024-11-21 13:52:04,328 consumers 1 140682157976360 Player 973c57fa-a4d7-4f22-8df1-a34c5c915a53 disconnected with code 1001
DEBUG 2024-11-21 13:52:04,328 consumers 1 140682157976360 Removed player 973c57fa-a4d7-4f22-8df1-a34c5c915a53 from players list
INFO 2024-11-21 13:52:05,796 consumers 1 140682157976360 Player a68de196-6710-425b-bff4-93f7df4f56e1 disconnected with code 1001
DEBUG 2024-11-21 13:52:05,796 consumers 1 140682157976360 Removed player a68de196-6710-425b-bff4-93f7df4f56e1 from players list
INFO 2024-11-21 13:52:07,871 consumers 1 140682157976360 Player 6d8534cb-aa6f-4475-8dfe-d97e04977bb9 disconnected with code 1001
DEBUG 2024-11-21 13:52:07,872 consumers 1 140682157976360 Removed player 6d8534cb-aa6f-4475-8dfe-d97e04977bb9 from players list
INFO 2024-11-21 13:52:08,109 consumers 1 140682157976360 Player efdfd1f4-75bd-47e8-aee5-a913d6b4faf2 disconnected with code 1001
DEBUG 2024-11-21 13:52:08,109 consumers 1 140682157976360 Removed player efdfd1f4-75bd-47e8-aee5-a913d6b4faf2 from players list
INFO 2024-11-21 13:52:10,169 consumers 1 140682157976360 Player 29cbe845-ae6e-4d2a-bcc6-023e5beb198f disconnected with code 1001
DEBUG 2024-11-21 13:52:10,169 consumers 1 140682157976360 Removed player 29cbe845-ae6e-4d2a-bcc6-023e5beb198f from players list
INFO 2024-11-21 13:52:11,708 consumers 1 140682157976360 Player 2b26fc18-d57e-4bd7-9c52-6e9d5a4077fd disconnected with code 1001
DEBUG 2024-11-21 13:52:11,708 consumers 1 140682157976360 Removed player 2b26fc18-d57e-4bd7-9c52-6e9d5a4077fd from players list
INFO 2024-11-21 13:52:11,978 consumers 1 140682157976360 Player ab3b2b30-fb98-4edf-8657-7e416d0cf588 disconnected with code 1001
DEBUG 2024-11-21 13:52:11,978 consumers 1 140682157976360 Removed player ab3b2b30-fb98-4edf-8657-7e416d0cf588 from players list
INFO 2024-11-21 13:52:13,221 consumers 1 140682157976360 Player 53c8b4b4-6dc0-4d70-94fb-c20fd4d60207 disconnected with code 1001
DEBUG 2024-11-21 13:52:13,222 consumers 1 140682157976360 Removed player 53c8b4b4-6dc0-4d70-94fb-c20fd4d60207 from players list
INFO 2024-11-21 13:52:14,406 consumers 1 140682157976360 Player 8584a2d0-5361-42b7-b593-0e79d22e54b5 disconnected with code 1001
DEBUG 2024-11-21 13:52:14,406 consumers 1 140682157976360 Removed player 8584a2d0-5361-42b7-b593-0e79d22e54b5 from players list
INFO 2024-11-21 13:52:16,580 consumers 1 140682157976360 Player 8ddec814-c768-421d-b2da-a94522758dc8 disconnected with code 1001
DEBUG 2024-11-21 13:52:16,580 consumers 1 140682157976360 Removed player 8ddec814-c768-421d-b2da-a94522758dc8 from players list
INFO 2024-11-21 13:52:16,826 consumers 1 140682157976360 Player 0b989c77-32c6-404b-b111-6985bd558a8a disconnected with code 1001
DEBUG 2024-11-21 13:52:16,826 consumers 1 140682157976360 Removed player 0b989c77-32c6-404b-b111-6985bd558a8a from players list
INFO 2024-11-21 13:52:17,752 consumers 1 140682157976360 Player 31f190f5-f76c-4047-a5c5-77a05ec882fa disconnected with code 1001
DEBUG 2024-11-21 13:52:17,753 consumers 1 140682157976360 Removed player 31f190f5-f76c-4047-a5c5-77a05ec882fa from players list
INFO 2024-11-21 13:52:18,946 consumers 1 140682157976360 Player 67b413eb-7494-47b1-972a-1701619f0642 disconnected with code 1001
DEBUG 2024-11-21 13:52:18,947 consumers 1 140682157976360 Removed player 67b413eb-7494-47b1-972a-1701619f0642 from players list
INFO 2024-11-21 13:52:19,116 consumers 1 140682157976360 Player d354f1a9-ab51-4c92-9f61-5fcb7636d2fe disconnected with code 1001
DEBUG 2024-11-21 13:52:19,117 consumers 1 140682157976360 Removed player d354f1a9-ab51-4c92-9f61-5fcb7636d2fe from players list
INFO 2024-11-21 13:52:26,389 consumers 1 140682157976360 Player 675c2fff-4ef1-4006-8de4-deace96fbc0d disconnected with code 1001
DEBUG 2024-11-21 13:52:26,390 consumers 1 140682157976360 Removed player 675c2fff-4ef1-4006-8de4-deace96fbc0d from players list
INFO 2024-11-21 13:52:32,145 consumers 1 140682157976360 Player fcaceb41-80ab-4619-b680-7e8c33786478 disconnected with code 1001
DEBUG 2024-11-21 13:52:32,145 consumers 1 140682157976360 Removed player fcaceb41-80ab-4619-b680-7e8c33786478 from players list
INFO 2024-11-21 13:52:39,299 consumers 1 140682157976360 Player 7ce2b156-00c0-4d64-9dda-31579c946f9f disconnected with code 1001
DEBUG 2024-11-21 13:52:39,299 consumers 1 140682157976360 Removed player 7ce2b156-00c0-4d64-9dda-31579c946f9f from players list
DEBUG 2024-11-21 13:52:39,300 consumers 1 140682157976360 Removed player 7ce2b156-00c0-4d64-9dda-31579c946f9f from game b2864d4b-d52a-4379-9a4f-32b646f6e689
INFO 2024-11-21 13:52:39,300 consumers 1 140682157976360 Game b2864d4b-d52a-4379-9a4f-32b646f6e689 is empty, cleaning up
INFO 2024-11-21 13:52:39,300 Game 1 140682157976360 Cleaning up game b2864d4b-d52a-4379-9a4f-32b646f6e689
DEBUG 2024-11-21 13:52:39,301 Game 1 140682157976360 Game loop for game b2864d4b-d52a-4379-9a4f-32b646f6e689 cancelled successfully
INFO 2024-11-21 13:52:39,302 Game 1 140682157976360 Game b2864d4b-d52a-4379-9a4f-32b646f6e689 cleaned up successfully
INFO 2024-11-21 13:52:40,750 consumers 1 140682157976360 Player 542912d9-1a35-4b48-9237-6c963d2638d9 disconnected with code 1001
DEBUG 2024-11-21 13:52:40,750 consumers 1 140682157976360 Removed player 542912d9-1a35-4b48-9237-6c963d2638d9 from players list
DEBUG 2024-11-21 13:52:40,751 consumers 1 140682157976360 Removed player 542912d9-1a35-4b48-9237-6c963d2638d9 from game 332bb645-d159-4b19-af42-7eac5d60e4a9
INFO 2024-11-21 13:52:40,751 consumers 1 140682157976360 Game 332bb645-d159-4b19-af42-7eac5d60e4a9 is empty, cleaning up
INFO 2024-11-21 13:52:40,751 Game 1 140682157976360 Cleaning up game 332bb645-d159-4b19-af42-7eac5d60e4a9
DEBUG 2024-11-21 13:52:40,752 Game 1 140682157976360 Game loop for game 332bb645-d159-4b19-af42-7eac5d60e4a9 cancelled successfully
INFO 2024-11-21 13:52:40,753 Game 1 140682157976360 Game 332bb645-d159-4b19-af42-7eac5d60e4a9 cleaned up successfully
INFO 2024-11-21 13:52:44,116 consumers 1 140682157976360 Player 14ccfc9b-46be-4a1c-9065-37b5337e311a disconnected with code 1001
DEBUG 2024-11-21 13:52:44,116 consumers 1 140682157976360 Removed player 14ccfc9b-46be-4a1c-9065-37b5337e311a from players list
INFO 2024-11-21 13:52:44,261 consumers 1 140682157976360 Player bb0e8b07-0b06-4e01-a39b-42b71b145f64 disconnected with code 1001
DEBUG 2024-11-21 13:52:44,261 consumers 1 140682157976360 Removed player bb0e8b07-0b06-4e01-a39b-42b71b145f64 from players list
INFO 2024-11-21 13:52:46,395 consumers 1 140682157976360 Player 72e8172d-d6e0-4258-b9d5-a2c282b95bf3 disconnected with code 1001
DEBUG 2024-11-21 13:52:46,396 consumers 1 140682157976360 Removed player 72e8172d-d6e0-4258-b9d5-a2c282b95bf3 from players list
INFO 2024-11-21 13:52:46,521 consumers 1 140682157976360 Player 8cc502b6-cd03-4b39-99f8-ce5078f6cfe6 disconnected with code 1001
DEBUG 2024-11-21 13:52:46,521 consumers 1 140682157976360 Removed player 8cc502b6-cd03-4b39-99f8-ce5078f6cfe6 from players list
INFO 2024-11-21 13:57:37,305 consumers 1 140367248042792 Player 503a0dca-f69f-40e5-94b6-c0704abdb403 disconnected with code 1001
DEBUG 2024-11-21 13:57:37,306 consumers 1 140367248042792 Removed player 503a0dca-f69f-40e5-94b6-c0704abdb403 from players list
DEBUG 2024-11-21 13:57:37,306 consumers 1 140367248042792 Removed player 503a0dca-f69f-40e5-94b6-c0704abdb403 from game ebb23c57-7af4-45ea-9615-8eb2b24fc958
DEBUG 2024-11-21 13:57:37,307 consumers 1 140367248042792 Broadcasting updated game info after player disconnect
INFO 2024-11-21 13:57:37,308 consumers 1 140367248042792 Game ebb23c57-7af4-45ea-9615-8eb2b24fc958 returned to custom status
INFO 2024-11-21 13:58:48,796 consumers 1 140367248042792 Player 3d656837-9c3c-4240-b3d1-4121372d9ec7 disconnected with code 1001
DEBUG 2024-11-21 13:58:48,797 consumers 1 140367248042792 Removed player 3d656837-9c3c-4240-b3d1-4121372d9ec7 from players list
INFO 2024-11-21 13:58:49,721 consumers 1 140367248042792 Player b3e526ce-9d6e-48c9-9c88-66fe5c77a358 disconnected with code 1001
DEBUG 2024-11-21 13:58:49,722 consumers 1 140367248042792 Removed player b3e526ce-9d6e-48c9-9c88-66fe5c77a358 from players list
INFO 2024-11-21 13:58:57,314 consumers 1 140367248042792 Player 4a328f7d-8732-478c-8e01-173dc5eb2e96 disconnected with code 1001
DEBUG 2024-11-21 13:58:57,314 consumers 1 140367248042792 Removed player 4a328f7d-8732-478c-8e01-173dc5eb2e96 from players list
INFO 2024-11-21 13:59:01,052 consumers 1 140367248042792 Player 6c6127ca-fb30-4ed7-bd1b-280f1c6c2bdf disconnected with code 1001
DEBUG 2024-11-21 13:59:01,052 consumers 1 140367248042792 Removed player 6c6127ca-fb30-4ed7-bd1b-280f1c6c2bdf from players list
DEBUG 2024-11-21 13:59:01,052 consumers 1 140367248042792 Removed player 6c6127ca-fb30-4ed7-bd1b-280f1c6c2bdf from game ebb23c57-7af4-45ea-9615-8eb2b24fc958
DEBUG 2024-11-21 13:59:01,053 consumers 1 140367248042792 Broadcasting updated game info after player disconnect
INFO 2024-11-21 13:59:01,053 consumers 1 140367248042792 Game ebb23c57-7af4-45ea-9615-8eb2b24fc958 returned to custom status
INFO 2024-11-21 13:59:02,382 consumers 1 140367248042792 Player 5a809cb0-c6c3-4af6-9bdb-7279ffe49557 disconnected with code 1001
DEBUG 2024-11-21 13:59:02,382 consumers 1 140367248042792 Removed player 5a809cb0-c6c3-4af6-9bdb-7279ffe49557 from players list
DEBUG 2024-11-21 13:59:02,383 consumers 1 140367248042792 Removed player 5a809cb0-c6c3-4af6-9bdb-7279ffe49557 from game ebb23c57-7af4-45ea-9615-8eb2b24fc958
INFO 2024-11-21 13:59:02,383 consumers 1 140367248042792 Game ebb23c57-7af4-45ea-9615-8eb2b24fc958 is empty, cleaning up
INFO 2024-11-21 13:59:02,383 Game 1 140367248042792 Cleaning up game ebb23c57-7af4-45ea-9615-8eb2b24fc958
DEBUG 2024-11-21 13:59:02,384 Game 1 140367248042792 Game loop for game ebb23c57-7af4-45ea-9615-8eb2b24fc958 cancelled successfully
INFO 2024-11-21 13:59:02,384 Game 1 140367248042792 Game ebb23c57-7af4-45ea-9615-8eb2b24fc958 cleaned up successfully
INFO 2024-11-21 13:59:03,970 consumers 1 140367248042792 Player aefbda90-d820-4b4c-98d6-72b268f88238 disconnected with code 1001
DEBUG 2024-11-21 13:59:03,970 consumers 1 140367248042792 Removed player aefbda90-d820-4b4c-98d6-72b268f88238 from players list
INFO 2024-11-21 13:59:04,147 consumers 1 140367248042792 Player c1192d89-dd29-44de-8dc0-342a63d7163f disconnected with code 1001
DEBUG 2024-11-21 13:59:04,148 consumers 1 140367248042792 Removed player c1192d89-dd29-44de-8dc0-342a63d7163f from players list
INFO 2024-11-21 14:06:14,514 consumers 1 140151847402280 Player 7710e84c-b8f9-4723-8464-c222ad2b95c1 disconnected with code 1001
DEBUG 2024-11-21 14:06:14,515 consumers 1 140151847402280 Removed player 7710e84c-b8f9-4723-8464-c222ad2b95c1 from players list
DEBUG 2024-11-21 14:06:14,515 consumers 1 140151847402280 Removed player 7710e84c-b8f9-4723-8464-c222ad2b95c1 from game b0ef963f-60b8-4b7b-bc02-96aa3a3a0214
INFO 2024-11-21 14:06:14,515 consumers 1 140151847402280 Game b0ef963f-60b8-4b7b-bc02-96aa3a3a0214 is empty, cleaning up
INFO 2024-11-21 14:06:14,516 Game 1 140151847402280 Cleaning up game b0ef963f-60b8-4b7b-bc02-96aa3a3a0214
DEBUG 2024-11-21 14:06:14,516 Game 1 140151847402280 Game loop for game b0ef963f-60b8-4b7b-bc02-96aa3a3a0214 cancelled successfully
INFO 2024-11-21 14:06:14,517 Game 1 140151847402280 Game b0ef963f-60b8-4b7b-bc02-96aa3a3a0214 cleaned up successfully
INFO 2024-11-21 14:06:14,707 consumers 1 140151847402280 Player a0f3846f-7535-46ce-b639-dd1f586ab281 disconnected with code 1001
DEBUG 2024-11-21 14:06:14,708 consumers 1 140151847402280 Removed player a0f3846f-7535-46ce-b639-dd1f586ab281 from players list
INFO 2024-11-21 14:06:19,103 consumers 1 140151847402280 Player 0e9a8d88-c364-4905-87ca-a4a570c54a85 disconnected with code 1001
DEBUG 2024-11-21 14:06:19,104 consumers 1 140151847402280 Removed player 0e9a8d88-c364-4905-87ca-a4a570c54a85 from players list
INFO 2024-11-21 14:06:22,900 consumers 1 140151847402280 Player e81fb5e6-d434-4cdf-b31e-45e0e095c43f disconnected with code 1001
DEBUG 2024-11-21 14:06:22,901 consumers 1 140151847402280 Removed player e81fb5e6-d434-4cdf-b31e-45e0e095c43f from players list
INFO 2024-11-21 14:06:24,047 consumers 1 140151847402280 Player 9332182f-c4af-46be-ba5b-0448f0e2aff9 disconnected with code 1001
DEBUG 2024-11-21 14:06:24,048 consumers 1 140151847402280 Removed player 9332182f-c4af-46be-ba5b-0448f0e2aff9 from players list
INFO 2024-11-21 14:06:24,222 consumers 1 140151847402280 Player a37930e1-d2fb-43ee-8ea7-f28e7ffdcbe6 disconnected with code 1001
DEBUG 2024-11-21 14:06:24,223 consumers 1 140151847402280 Removed player a37930e1-d2fb-43ee-8ea7-f28e7ffdcbe6 from players list
INFO 2024-11-21 14:07:36,653 consumers 1 140151847402280 Player 5b4b34a3-faed-4adf-a339-c477f5f7038e disconnected with code 1001
DEBUG 2024-11-21 14:07:36,653 consumers 1 140151847402280 Removed player 5b4b34a3-faed-4adf-a339-c477f5f7038e from players list
INFO 2024-11-21 14:07:36,654 consumers 1 140151847402280 Player e75026b3-8cf6-404b-b4ba-c3df506b0a98 disconnected with code 1001
DEBUG 2024-11-21 14:07:36,654 consumers 1 140151847402280 Removed player e75026b3-8cf6-404b-b4ba-c3df506b0a98 from players list
DEBUG 2024-11-21 14:07:36,655 consumers 1 140151847402280 Removed player e75026b3-8cf6-404b-b4ba-c3df506b0a98 from game 694f0a74-4e2e-4ed0-97cf-6bf90dc4806d
INFO 2024-11-21 14:07:36,655 consumers 1 140151847402280 Game 694f0a74-4e2e-4ed0-97cf-6bf90dc4806d is empty, cleaning up
INFO 2024-11-21 14:07:36,655 Game 1 140151847402280 Cleaning up game 694f0a74-4e2e-4ed0-97cf-6bf90dc4806d
DEBUG 2024-11-21 14:07:36,656 Game 1 140151847402280 Game loop for game 694f0a74-4e2e-4ed0-97cf-6bf90dc4806d cancelled successfully
INFO 2024-11-21 14:07:36,657 Game 1 140151847402280 Game 694f0a74-4e2e-4ed0-97cf-6bf90dc4806d cleaned up successfully
INFO 2024-11-21 14:07:36,657 consumers 1 140151847402280 Player 10f8801c-7e81-4fd3-9818-23c76bea3a40 disconnected with code 1001
DEBUG 2024-11-21 14:07:36,658 consumers 1 140151847402280 Removed player 10f8801c-7e81-4fd3-9818-23c76bea3a40 from players list
DEBUG 2024-11-21 14:07:36,658 consumers 1 140151847402280 Removed player 10f8801c-7e81-4fd3-9818-23c76bea3a40 from game fe0db4f3-e0c0-4d8d-92f9-116076ca09a9
INFO 2024-11-21 14:07:36,659 consumers 1 140151847402280 Game fe0db4f3-e0c0-4d8d-92f9-116076ca09a9 is empty, cleaning up
INFO 2024-11-21 14:07:36,659 Game 1 140151847402280 Cleaning up game fe0db4f3-e0c0-4d8d-92f9-116076ca09a9
INFO 2024-11-21 14:07:36,660 consumers 1 140151847402280 Player 04c61920-a9e4-48fa-92bd-ac98188b8605 disconnected with code 1001
DEBUG 2024-11-21 14:07:36,660 consumers 1 140151847402280 Removed player 04c61920-a9e4-48fa-92bd-ac98188b8605 from players list
DEBUG 2024-11-21 14:07:36,660 consumers 1 140151847402280 Removed player 04c61920-a9e4-48fa-92bd-ac98188b8605 from game 935c8405-8697-4601-89bb-b9c184fac0d4
INFO 2024-11-21 14:07:36,661 consumers 1 140151847402280 Game 935c8405-8697-4601-89bb-b9c184fac0d4 is empty, cleaning up
INFO 2024-11-21 14:07:36,661 Game 1 140151847402280 Cleaning up game 935c8405-8697-4601-89bb-b9c184fac0d4
INFO 2024-11-21 14:07:36,662 consumers 1 140151847402280 Player 4e4f16d7-8a10-42a1-bc0b-b09146acbaa1 disconnected with code 1001
DEBUG 2024-11-21 14:07:36,662 consumers 1 140151847402280 Removed player 4e4f16d7-8a10-42a1-bc0b-b09146acbaa1 from players list
DEBUG 2024-11-21 14:07:36,662 consumers 1 140151847402280 Removed player 4e4f16d7-8a10-42a1-bc0b-b09146acbaa1 from game 28e807f4-ddf3-43b9-a369-76dfe66237d4
INFO 2024-11-21 14:07:36,663 consumers 1 140151847402280 Game 28e807f4-ddf3-43b9-a369-76dfe66237d4 is empty, cleaning up
INFO 2024-11-21 14:07:36,663 Game 1 140151847402280 Cleaning up game 28e807f4-ddf3-43b9-a369-76dfe66237d4
DEBUG 2024-11-21 14:07:36,669 Game 1 140151847402280 Game loop for game fe0db4f3-e0c0-4d8d-92f9-116076ca09a9 cancelled successfully
INFO 2024-11-21 14:07:36,670 Game 1 140151847402280 Game fe0db4f3-e0c0-4d8d-92f9-116076ca09a9 cleaned up successfully
DEBUG 2024-11-21 14:07:36,671 Game 1 140151847402280 Game loop for game 935c8405-8697-4601-89bb-b9c184fac0d4 cancelled successfully
INFO 2024-11-21 14:07:36,672 Game 1 140151847402280 Game 935c8405-8697-4601-89bb-b9c184fac0d4 cleaned up successfully
DEBUG 2024-11-21 14:07:36,672 Game 1 140151847402280 Game loop for game 28e807f4-ddf3-43b9-a369-76dfe66237d4 cancelled successfully
INFO 2024-11-21 14:07:36,673 Game 1 140151847402280 Game 28e807f4-ddf3-43b9-a369-76dfe66237d4 cleaned up successfully
INFO 2024-11-21 14:07:39,466 consumers 1 140151847402280 Player 2500cdf4-d672-431f-84d4-ecb5e7979527 disconnected with code 1001
DEBUG 2024-11-21 14:07:39,466 consumers 1 140151847402280 Removed player 2500cdf4-d672-431f-84d4-ecb5e7979527 from players list
DEBUG 2024-11-21 14:07:39,467 consumers 1 140151847402280 Removed player 2500cdf4-d672-431f-84d4-ecb5e7979527 from game 76d98951-e224-4d8b-a99a-9a45b210a07a
DEBUG 2024-11-21 14:07:39,467 consumers 1 140151847402280 Broadcasting updated game info after player disconnect
INFO 2024-11-21 14:07:39,468 consumers 1 140151847402280 Game 76d98951-e224-4d8b-a99a-9a45b210a07a returned to custom status
INFO 2024-11-21 14:07:39,613 consumers 1 140151847402280 Player e0008d42-ce9e-4120-aed7-66b494f2f904 disconnected with code 1001
DEBUG 2024-11-21 14:07:39,613 consumers 1 140151847402280 Removed player e0008d42-ce9e-4120-aed7-66b494f2f904 from players list
DEBUG 2024-11-21 14:07:39,614 consumers 1 140151847402280 Removed player e0008d42-ce9e-4120-aed7-66b494f2f904 from game 76d98951-e224-4d8b-a99a-9a45b210a07a
INFO 2024-11-21 14:07:39,614 consumers 1 140151847402280 Game 76d98951-e224-4d8b-a99a-9a45b210a07a is empty, cleaning up
INFO 2024-11-21 14:07:39,614 Game 1 140151847402280 Cleaning up game 76d98951-e224-4d8b-a99a-9a45b210a07a
DEBUG 2024-11-21 14:07:39,615 Game 1 140151847402280 Game loop for game 76d98951-e224-4d8b-a99a-9a45b210a07a cancelled successfully
INFO 2024-11-21 14:07:39,616 Game 1 140151847402280 Game 76d98951-e224-4d8b-a99a-9a45b210a07a cleaned up successfully
INFO 2024-11-21 14:12:25,781 consumers 1 139915241265960 Player 546ec621-7a86-4e4f-8892-9e79cf95c80a disconnected with code 1001
DEBUG 2024-11-21 14:12:25,781 consumers 1 139915241265960 Removed player 546ec621-7a86-4e4f-8892-9e79cf95c80a from players list
INFO 2024-11-21 14:12:26,005 consumers 1 139915241265960 Player 0d8ffbae-f0f9-459d-ad6b-9d34be263386 disconnected with code 1001
DEBUG 2024-11-21 14:12:26,006 consumers 1 139915241265960 Removed player 0d8ffbae-f0f9-459d-ad6b-9d34be263386 from players list
DEBUG 2024-11-21 14:12:26,006 consumers 1 139915241265960 Removed player 0d8ffbae-f0f9-459d-ad6b-9d34be263386 from game 14357f0a-848c-4855-8a06-eeeea9c44be6
INFO 2024-11-21 14:12:26,006 consumers 1 139915241265960 Game 14357f0a-848c-4855-8a06-eeeea9c44be6 is empty, cleaning up
INFO 2024-11-21 14:12:26,007 Game 1 139915241265960 Cleaning up game 14357f0a-848c-4855-8a06-eeeea9c44be6
DEBUG 2024-11-21 14:12:26,010 Game 1 139915241265960 Game loop for game 14357f0a-848c-4855-8a06-eeeea9c44be6 cancelled successfully
INFO 2024-11-21 14:12:26,011 Game 1 139915241265960 Game 14357f0a-848c-4855-8a06-eeeea9c44be6 cleaned up successfully
INFO 2024-11-21 14:12:26,233 consumers 1 139915241265960 Player 682e0b44-9e91-48c3-9e47-6d0817254ab2 disconnected with code 1001
DEBUG 2024-11-21 14:12:26,234 consumers 1 139915241265960 Removed player 682e0b44-9e91-48c3-9e47-6d0817254ab2 from players list
DEBUG 2024-11-21 14:12:26,234 consumers 1 139915241265960 Removed player 682e0b44-9e91-48c3-9e47-6d0817254ab2 from game 227b4db4-3059-489a-96c6-7b7ff99fa729
INFO 2024-11-21 14:12:26,235 consumers 1 139915241265960 Game 227b4db4-3059-489a-96c6-7b7ff99fa729 is empty, cleaning up
INFO 2024-11-21 14:12:26,235 Game 1 139915241265960 Cleaning up game 227b4db4-3059-489a-96c6-7b7ff99fa729
DEBUG 2024-11-21 14:12:26,235 Game 1 139915241265960 Game loop for game 227b4db4-3059-489a-96c6-7b7ff99fa729 cancelled successfully
INFO 2024-11-21 14:12:26,236 Game 1 139915241265960 Game 227b4db4-3059-489a-96c6-7b7ff99fa729 cleaned up successfully
INFO 2024-11-21 14:12:26,449 consumers 1 139915241265960 Player 97fcda8c-7369-4a25-bd79-fedd3faaf880 disconnected with code 1001
DEBUG 2024-11-21 14:12:26,449 consumers 1 139915241265960 Removed player 97fcda8c-7369-4a25-bd79-fedd3faaf880 from players list
DEBUG 2024-11-21 14:12:26,450 consumers 1 139915241265960 Removed player 97fcda8c-7369-4a25-bd79-fedd3faaf880 from game 3a14a7c0-60d3-4f65-a897-d396ca315b9d
INFO 2024-11-21 14:12:26,450 consumers 1 139915241265960 Game 3a14a7c0-60d3-4f65-a897-d396ca315b9d is empty, cleaning up
INFO 2024-11-21 14:12:26,450 Game 1 139915241265960 Cleaning up game 3a14a7c0-60d3-4f65-a897-d396ca315b9d
DEBUG 2024-11-21 14:12:26,451 Game 1 139915241265960 Game loop for game 3a14a7c0-60d3-4f65-a897-d396ca315b9d cancelled successfully
INFO 2024-11-21 14:12:26,452 Game 1 139915241265960 Game 3a14a7c0-60d3-4f65-a897-d396ca315b9d cleaned up successfully
INFO 2024-11-21 14:12:26,652 consumers 1 139915241265960 Player 2acf842d-3342-4e41-958a-50c167b31ecd disconnected with code 1001
DEBUG 2024-11-21 14:12:26,652 consumers 1 139915241265960 Removed player 2acf842d-3342-4e41-958a-50c167b31ecd from players list
DEBUG 2024-11-21 14:12:26,653 consumers 1 139915241265960 Removed player 2acf842d-3342-4e41-958a-50c167b31ecd from game 40c3a48e-2ea5-48cd-884c-2733742527a5
INFO 2024-11-21 14:12:26,654 consumers 1 139915241265960 Game 40c3a48e-2ea5-48cd-884c-2733742527a5 is empty, cleaning up
INFO 2024-11-21 14:12:26,654 Game 1 139915241265960 Cleaning up game 40c3a48e-2ea5-48cd-884c-2733742527a5
DEBUG 2024-11-21 14:12:26,654 Game 1 139915241265960 Game loop for game 40c3a48e-2ea5-48cd-884c-2733742527a5 cancelled successfully
INFO 2024-11-21 14:12:26,655 Game 1 139915241265960 Game 40c3a48e-2ea5-48cd-884c-2733742527a5 cleaned up successfully
INFO 2024-11-21 14:12:27,690 consumers 1 139915241265960 Player 23ee2e35-dcca-4938-bdff-ffa128367dbb disconnected with code 1001
DEBUG 2024-11-21 14:12:27,690 consumers 1 139915241265960 Removed player 23ee2e35-dcca-4938-bdff-ffa128367dbb from players list
DEBUG 2024-11-21 14:12:27,691 consumers 1 139915241265960 Removed player 23ee2e35-dcca-4938-bdff-ffa128367dbb from game ce361037-0d7d-4c97-bf06-3bc708633678
INFO 2024-11-21 14:12:27,691 consumers 1 139915241265960 Game ce361037-0d7d-4c97-bf06-3bc708633678 is empty, cleaning up
INFO 2024-11-21 14:12:27,691 Game 1 139915241265960 Cleaning up game ce361037-0d7d-4c97-bf06-3bc708633678
DEBUG 2024-11-21 14:12:27,692 Game 1 139915241265960 Game loop for game ce361037-0d7d-4c97-bf06-3bc708633678 cancelled successfully
INFO 2024-11-21 14:12:27,693 Game 1 139915241265960 Game ce361037-0d7d-4c97-bf06-3bc708633678 cleaned up successfully
INFO 2024-11-21 14:13:49,731 consumers 1 139915241265960 Player 60fddc9d-c82a-4df3-9949-9bdb849277f6 disconnected with code 1001
DEBUG 2024-11-21 14:13:49,732 consumers 1 139915241265960 Removed player 60fddc9d-c82a-4df3-9949-9bdb849277f6 from players list
DEBUG 2024-11-21 14:13:49,732 consumers 1 139915241265960 Removed player 60fddc9d-c82a-4df3-9949-9bdb849277f6 from game a6eb90b2-2b71-4eee-bb34-382a3f6b4d95
DEBUG 2024-11-21 14:13:49,732 consumers 1 139915241265960 Broadcasting updated game info after player disconnect
INFO 2024-11-21 14:13:49,733 consumers 1 139915241265960 Game a6eb90b2-2b71-4eee-bb34-382a3f6b4d95 returned to custom status
INFO 2024-11-21 14:14:08,386 consumers 1 139915241265960 Player a7a9a5d4-0a90-43f5-84de-31c96528a76f disconnected with code 1001
DEBUG 2024-11-21 14:14:08,387 consumers 1 139915241265960 Removed player a7a9a5d4-0a90-43f5-84de-31c96528a76f from players list
DEBUG 2024-11-21 14:14:08,387 consumers 1 139915241265960 Removed player a7a9a5d4-0a90-43f5-84de-31c96528a76f from game a6eb90b2-2b71-4eee-bb34-382a3f6b4d95
DEBUG 2024-11-21 14:14:08,387 consumers 1 139915241265960 Broadcasting updated game info after player disconnect
INFO 2024-11-21 14:14:08,388 consumers 1 139915241265960 Game a6eb90b2-2b71-4eee-bb34-382a3f6b4d95 returned to custom status
INFO 2024-11-21 14:14:10,456 consumers 1 139915241265960 Player 5ea65033-b24b-4da1-b71e-efeefa296ca5 disconnected with code 1001
DEBUG 2024-11-21 14:14:10,456 consumers 1 139915241265960 Removed player 5ea65033-b24b-4da1-b71e-efeefa296ca5 from players list
DEBUG 2024-11-21 14:14:10,456 consumers 1 139915241265960 Removed player 5ea65033-b24b-4da1-b71e-efeefa296ca5 from game a6eb90b2-2b71-4eee-bb34-382a3f6b4d95
DEBUG 2024-11-21 14:14:10,457 consumers 1 139915241265960 Broadcasting updated game info after player disconnect
INFO 2024-11-21 14:14:10,457 consumers 1 139915241265960 Game a6eb90b2-2b71-4eee-bb34-382a3f6b4d95 returned to custom status
INFO 2024-11-21 14:14:12,159 consumers 1 139915241265960 Player b24bb5aa-d869-49dd-b38e-41a2e9a7f4dd disconnected with code 1001
DEBUG 2024-11-21 14:14:12,160 consumers 1 139915241265960 Removed player b24bb5aa-d869-49dd-b38e-41a2e9a7f4dd from players list
DEBUG 2024-11-21 14:14:12,160 consumers 1 139915241265960 Removed player b24bb5aa-d869-49dd-b38e-41a2e9a7f4dd from game a6eb90b2-2b71-4eee-bb34-382a3f6b4d95
DEBUG 2024-11-21 14:14:12,160 consumers 1 139915241265960 Broadcasting updated game info after player disconnect
INFO 2024-11-21 14:14:12,161 consumers 1 139915241265960 Game a6eb90b2-2b71-4eee-bb34-382a3f6b4d95 returned to custom status
INFO 2024-11-21 14:14:14,164 consumers 1 139915241265960 Player ff6e1181-ffcf-4549-9b96-046be6eff5c7 disconnected with code 1001
DEBUG 2024-11-21 14:14:14,164 consumers 1 139915241265960 Removed player ff6e1181-ffcf-4549-9b96-046be6eff5c7 from players list
DEBUG 2024-11-21 14:14:14,165 consumers 1 139915241265960 Removed player ff6e1181-ffcf-4549-9b96-046be6eff5c7 from game a6eb90b2-2b71-4eee-bb34-382a3f6b4d95
DEBUG 2024-11-21 14:14:14,165 consumers 1 139915241265960 Broadcasting updated game info after player disconnect
INFO 2024-11-21 14:14:14,165 consumers 1 139915241265960 Game a6eb90b2-2b71-4eee-bb34-382a3f6b4d95 returned to custom status
INFO 2024-11-21 14:20:30,332 consumers 1 140058321910568 Player 1e35ad52-94e6-4769-b6e9-f4293fd644d4 disconnected with code 1001
DEBUG 2024-11-21 14:20:30,333 consumers 1 140058321910568 Removed player 1e35ad52-94e6-4769-b6e9-f4293fd644d4 from players list
INFO 2024-11-21 14:20:31,390 consumers 1 140058321910568 Player 8a503988-45f9-4471-99d8-ee31715c701c disconnected with code 1001
DEBUG 2024-11-21 14:20:31,390 consumers 1 140058321910568 Removed player 8a503988-45f9-4471-99d8-ee31715c701c from players list
INFO 2024-11-21 14:20:38,625 consumers 1 140461029985064 Player 12159623-d7a0-468d-882f-9122b2b4836c disconnected with code 1001
DEBUG 2024-11-21 14:20:38,625 consumers 1 140461029985064 Removed player 12159623-d7a0-468d-882f-9122b2b4836c from players list
INFO 2024-11-21 14:23:20,048 consumers 1 140122152856360 Player 7c3870c4-b24d-4e99-ac5c-0cc2a22e43ba disconnected with code 1001
DEBUG 2024-11-21 14:23:20,048 consumers 1 140122152856360 Removed player 7c3870c4-b24d-4e99-ac5c-0cc2a22e43ba from players list
INFO 2024-11-21 14:23:23,114 consumers 1 140122152856360 Player 9276ed81-5de6-4fb8-80d3-a1ff59737da8 disconnected with code 1001
DEBUG 2024-11-21 14:23:23,115 consumers 1 140122152856360 Removed player 9276ed81-5de6-4fb8-80d3-a1ff59737da8 from players list
INFO 2024-11-21 14:23:23,324 consumers 1 140122152856360 Player 49606ad9-31fa-4d4a-94ae-4f3079df2e6a disconnected with code 1001
DEBUG 2024-11-21 14:23:23,325 consumers 1 140122152856360 Removed player 49606ad9-31fa-4d4a-94ae-4f3079df2e6a from players list
DEBUG 2024-11-21 14:23:23,326 consumers 1 140122152856360 Removed player 49606ad9-31fa-4d4a-94ae-4f3079df2e6a from game 8c0b1cb1-fe13-429a-b9ef-01a3a7714b3f
INFO 2024-11-21 14:23:23,326 consumers 1 140122152856360 Game 8c0b1cb1-fe13-429a-b9ef-01a3a7714b3f is empty, cleaning up
INFO 2024-11-21 14:23:23,327 Game 1 140122152856360 Cleaning up game 8c0b1cb1-fe13-429a-b9ef-01a3a7714b3f
DEBUG 2024-11-21 14:23:23,327 Game 1 140122152856360 Game loop for game 8c0b1cb1-fe13-429a-b9ef-01a3a7714b3f cancelled successfully
INFO 2024-11-21 14:23:23,328 Game 1 140122152856360 Game 8c0b1cb1-fe13-429a-b9ef-01a3a7714b3f cleaned up successfully
INFO 2024-11-21 14:23:25,021 consumers 1 140122152856360 Player 4c54abb3-4b5e-4e2a-87fa-68d1a408cae1 disconnected with code 1001
DEBUG 2024-11-21 14:23:25,021 consumers 1 140122152856360 Removed player 4c54abb3-4b5e-4e2a-87fa-68d1a408cae1 from players list
DEBUG 2024-11-21 14:23:25,022 consumers 1 140122152856360 Removed player 4c54abb3-4b5e-4e2a-87fa-68d1a408cae1 from game c573287e-23ab-4845-b1ec-b18bc7c3ab57
INFO 2024-11-21 14:23:25,022 consumers 1 140122152856360 Game c573287e-23ab-4845-b1ec-b18bc7c3ab57 is empty, cleaning up
INFO 2024-11-21 14:23:25,023 Game 1 140122152856360 Cleaning up game c573287e-23ab-4845-b1ec-b18bc7c3ab57
DEBUG 2024-11-21 14:23:25,023 Game 1 140122152856360 Game loop for game c573287e-23ab-4845-b1ec-b18bc7c3ab57 cancelled successfully
INFO 2024-11-21 14:23:25,024 Game 1 140122152856360 Game c573287e-23ab-4845-b1ec-b18bc7c3ab57 cleaned up successfully
INFO 2024-11-21 14:23:25,611 consumers 1 140122152856360 Player be57464f-eb2f-416d-9770-1886c98f4023 disconnected with code 1001
DEBUG 2024-11-21 14:23:25,611 consumers 1 140122152856360 Removed player be57464f-eb2f-416d-9770-1886c98f4023 from players list
DEBUG 2024-11-21 14:23:25,611 consumers 1 140122152856360 Removed player be57464f-eb2f-416d-9770-1886c98f4023 from game 621d324c-0a36-4dd1-8b42-3c6b837fc2b4
INFO 2024-11-21 14:23:25,612 consumers 1 140122152856360 Game 621d324c-0a36-4dd1-8b42-3c6b837fc2b4 is empty, cleaning up
INFO 2024-11-21 14:23:25,612 Game 1 140122152856360 Cleaning up game 621d324c-0a36-4dd1-8b42-3c6b837fc2b4
DEBUG 2024-11-21 14:23:25,612 Game 1 140122152856360 Game loop for game 621d324c-0a36-4dd1-8b42-3c6b837fc2b4 cancelled successfully
INFO 2024-11-21 14:23:25,613 Game 1 140122152856360 Game 621d324c-0a36-4dd1-8b42-3c6b837fc2b4 cleaned up successfully
INFO 2024-11-21 14:23:53,183 consumers 1 140031569222440 Player 831d304f-868a-44bd-912a-6e5d76c64c59 disconnected with code 1001
DEBUG 2024-11-21 14:23:53,183 consumers 1 140031569222440 Removed player 831d304f-868a-44bd-912a-6e5d76c64c59 from players list
INFO 2024-11-21 14:23:54,240 consumers 1 140031569222440 Player 89ca833c-b4f1-439e-a3d3-7c02dd0ffeba disconnected with code 1001
DEBUG 2024-11-21 14:23:54,240 consumers 1 140031569222440 Removed player 89ca833c-b4f1-439e-a3d3-7c02dd0ffeba from players list
DEBUG 2024-11-21 14:23:54,241 consumers 1 140031569222440 Removed player 89ca833c-b4f1-439e-a3d3-7c02dd0ffeba from game 4fcaef02-661c-4b5a-a8b0-7e52615adaf5
INFO 2024-11-21 14:23:54,241 consumers 1 140031569222440 Game 4fcaef02-661c-4b5a-a8b0-7e52615adaf5 is empty, cleaning up
INFO 2024-11-21 14:23:54,242 Game 1 140031569222440 Cleaning up game 4fcaef02-661c-4b5a-a8b0-7e52615adaf5
DEBUG 2024-11-21 14:23:54,242 Game 1 140031569222440 Game loop for game 4fcaef02-661c-4b5a-a8b0-7e52615adaf5 cancelled successfully
INFO 2024-11-21 14:23:54,243 Game 1 140031569222440 Game 4fcaef02-661c-4b5a-a8b0-7e52615adaf5 cleaned up successfully
INFO 2024-11-21 14:23:55,457 consumers 1 140031569222440 Player 0e00ac44-01b9-4168-b222-89d2e7a1f67b disconnected with code 1001
DEBUG 2024-11-21 14:23:55,457 consumers 1 140031569222440 Removed player 0e00ac44-01b9-4168-b222-89d2e7a1f67b from players list
DEBUG 2024-11-21 14:23:55,458 consumers 1 140031569222440 Removed player 0e00ac44-01b9-4168-b222-89d2e7a1f67b from game 24b16110-46c2-4e7d-9147-8f157ecc230c
INFO 2024-11-21 14:23:55,458 consumers 1 140031569222440 Game 24b16110-46c2-4e7d-9147-8f157ecc230c is empty, cleaning up
INFO 2024-11-21 14:23:55,458 Game 1 140031569222440 Cleaning up game 24b16110-46c2-4e7d-9147-8f157ecc230c
DEBUG 2024-11-21 14:23:55,459 Game 1 140031569222440 Game loop for game 24b16110-46c2-4e7d-9147-8f157ecc230c cancelled successfully
INFO 2024-11-21 14:23:55,460 Game 1 140031569222440 Game 24b16110-46c2-4e7d-9147-8f157ecc230c cleaned up successfully
INFO 2024-11-21 14:23:56,002 consumers 1 140031569222440 Player 6be8a0ba-9359-4187-83a2-cf5c81f7667c disconnected with code 1001
DEBUG 2024-11-21 14:23:56,002 consumers 1 140031569222440 Removed player 6be8a0ba-9359-4187-83a2-cf5c81f7667c from players list
DEBUG 2024-11-21 14:23:56,003 consumers 1 140031569222440 Removed player 6be8a0ba-9359-4187-83a2-cf5c81f7667c from game b2bdf51c-1a29-421f-83d8-647d32121245
INFO 2024-11-21 14:23:56,003 consumers 1 140031569222440 Game b2bdf51c-1a29-421f-83d8-647d32121245 is empty, cleaning up
INFO 2024-11-21 14:23:56,003 Game 1 140031569222440 Cleaning up game b2bdf51c-1a29-421f-83d8-647d32121245
DEBUG 2024-11-21 14:23:56,004 Game 1 140031569222440 Game loop for game b2bdf51c-1a29-421f-83d8-647d32121245 cancelled successfully
INFO 2024-11-21 14:23:56,005 Game 1 140031569222440 Game b2bdf51c-1a29-421f-83d8-647d32121245 cleaned up successfully
INFO 2024-11-21 14:23:59,548 consumers 1 140031569222440 Player 4b868574-536a-4210-b1aa-d5db4afde7e2 disconnected with code 1001
DEBUG 2024-11-21 14:23:59,548 consumers 1 140031569222440 Removed player 4b868574-536a-4210-b1aa-d5db4afde7e2 from players list
INFO 2024-11-21 14:25:07,927 consumers 1 140007358880552 Player 0b2f2593-dc45-4bc5-861b-ab433abaa5ea disconnected with code 1001
DEBUG 2024-11-21 14:25:07,928 consumers 1 140007358880552 Removed player 0b2f2593-dc45-4bc5-861b-ab433abaa5ea from players list
INFO 2024-11-21 14:25:08,522 consumers 1 140007358880552 Player c3b63d26-acb1-471f-9fbe-9d9eb71c16a0 disconnected with code 1001
DEBUG 2024-11-21 14:25:08,523 consumers 1 140007358880552 Removed player c3b63d26-acb1-471f-9fbe-9d9eb71c16a0 from players list
DEBUG 2024-11-21 14:25:08,523 consumers 1 140007358880552 Removed player c3b63d26-acb1-471f-9fbe-9d9eb71c16a0 from game 64cdcaca-a95e-4439-8b53-242cbf366093
INFO 2024-11-21 14:25:08,523 consumers 1 140007358880552 Game 64cdcaca-a95e-4439-8b53-242cbf366093 is empty, cleaning up
INFO 2024-11-21 14:25:08,524 Game 1 140007358880552 Cleaning up game 64cdcaca-a95e-4439-8b53-242cbf366093
DEBUG 2024-11-21 14:25:08,527 Game 1 140007358880552 Game loop for game 64cdcaca-a95e-4439-8b53-242cbf366093 cancelled successfully
INFO 2024-11-21 14:25:08,528 Game 1 140007358880552 Game 64cdcaca-a95e-4439-8b53-242cbf366093 cleaned up successfully
INFO 2024-11-21 14:25:08,950 consumers 1 140007358880552 Player 90db2c98-529e-442d-808c-b0c0a7ef390d disconnected with code 1001
DEBUG 2024-11-21 14:25:08,950 consumers 1 140007358880552 Removed player 90db2c98-529e-442d-808c-b0c0a7ef390d from players list
DEBUG 2024-11-21 14:25:08,951 consumers 1 140007358880552 Removed player 90db2c98-529e-442d-808c-b0c0a7ef390d from game 1a5146d6-2aba-4273-88a7-8912af37e5ca
INFO 2024-11-21 14:25:08,951 consumers 1 140007358880552 Game 1a5146d6-2aba-4273-88a7-8912af37e5ca is empty, cleaning up
INFO 2024-11-21 14:25:08,952 Game 1 140007358880552 Cleaning up game 1a5146d6-2aba-4273-88a7-8912af37e5ca
DEBUG 2024-11-21 14:25:08,952 Game 1 140007358880552 Game loop for game 1a5146d6-2aba-4273-88a7-8912af37e5ca cancelled successfully
INFO 2024-11-21 14:25:08,953 Game 1 140007358880552 Game 1a5146d6-2aba-4273-88a7-8912af37e5ca cleaned up successfully
INFO 2024-11-21 14:25:09,355 consumers 1 140007358880552 Player ce7af91c-832b-4200-98be-9ee54aae5484 disconnected with code 1001
DEBUG 2024-11-21 14:25:09,356 consumers 1 140007358880552 Removed player ce7af91c-832b-4200-98be-9ee54aae5484 from players list
DEBUG 2024-11-21 14:25:09,356 consumers 1 140007358880552 Removed player ce7af91c-832b-4200-98be-9ee54aae5484 from game db24b601-1ae4-4d12-bd73-8751b351a7e0
INFO 2024-11-21 14:25:09,357 consumers 1 140007358880552 Game db24b601-1ae4-4d12-bd73-8751b351a7e0 is empty, cleaning up
INFO 2024-11-21 14:25:09,357 Game 1 140007358880552 Cleaning up game db24b601-1ae4-4d12-bd73-8751b351a7e0
DEBUG 2024-11-21 14:25:09,358 Game 1 140007358880552 Game loop for game db24b601-1ae4-4d12-bd73-8751b351a7e0 cancelled successfully
INFO 2024-11-21 14:25:09,359 Game 1 140007358880552 Game db24b601-1ae4-4d12-bd73-8751b351a7e0 cleaned up successfully
INFO 2024-11-21 14:25:10,247 consumers 1 140007358880552 Player 886d1d01-21b0-4ba9-97fe-9bee9a767a42 disconnected with code 1001
DEBUG 2024-11-21 14:25:10,247 consumers 1 140007358880552 Removed player 886d1d01-21b0-4ba9-97fe-9bee9a767a42 from players list
DEBUG 2024-11-21 14:25:10,247 consumers 1 140007358880552 Removed player 886d1d01-21b0-4ba9-97fe-9bee9a767a42 from game 17f13a28-999c-4178-a34c-47c1f6ed757f
INFO 2024-11-21 14:25:10,248 consumers 1 140007358880552 Game 17f13a28-999c-4178-a34c-47c1f6ed757f is empty, cleaning up
INFO 2024-11-21 14:25:10,248 Game 1 140007358880552 Cleaning up game 17f13a28-999c-4178-a34c-47c1f6ed757f
DEBUG 2024-11-21 14:25:10,249 Game 1 140007358880552 Game loop for game 17f13a28-999c-4178-a34c-47c1f6ed757f cancelled successfully
INFO 2024-11-21 14:25:10,250 Game 1 140007358880552 Game 17f13a28-999c-4178-a34c-47c1f6ed757f cleaned up successfully
